# JRE version: OpenJDK Runtime Environment (8.0_112) (build 1.8.0_112-release-736)
# Java VM: OpenJDK Server VM (25.112-b736 mixed mode windows-x86 )
Heap:
 PSYoungGen      total 205568K, used 35894K [0x3bac0000, 0x4dc80000, 0x51000000)
  eden space 186368K, 17% used [0x3bac0000,0x3d9e1958,0x470c0000)
  from space 19200K, 20% used [0x470c0000,0x474ac1f0,0x48380000)
  to   space 21760K, 0% used [0x4c740000,0x4c740000,0x4dc80000)
 ParOldGen       total 88320K, used 46423K [0x11000000, 0x16640000, 0x3bac0000)
  object space 88320K, 52% used [0x11000000,0x13d55cf8,0x16640000)
 Metaspace       used 41773K, capacity 42926K, committed 43008K, reserved 43392K
GC Heap History (10 events):
Event: 8.857 GC heap before
{Heap before GC invocations=12 (full 2):
 PSYoungGen      total 150528K, used 6871K [0x3bac0000, 0x46780000, 0x51000000)
  eden space 139008K, 0% used [0x3bac0000,0x3bac0000,0x44280000)
  from space 11520K, 59% used [0x44d80000,0x45435d50,0x458c0000)
  to   space 11264K, 0% used [0x44280000,0x44280000,0x44d80000)
 ParOldGen       total 33536K, used 15415K [0x11000000, 0x130c0000, 0x3bac0000)
  object space 33536K, 45% used [0x11000000,0x11f0de70,0x130c0000)
 Metaspace       used 26766K, capacity 27288K, committed 27308K, reserved 28032K
Event: 8.909 GC heap after
Heap after GC invocations=12 (full 2):
 PSYoungGen      total 150528K, used 0K [0x3bac0000, 0x46780000, 0x51000000)
  eden space 139008K, 0% used [0x3bac0000,0x3bac0000,0x44280000)
  from space 11520K, 0% used [0x44d80000,0x44d80000,0x458c0000)
  to   space 11264K, 0% used [0x44280000,0x44280000,0x44d80000)
 ParOldGen       total 46592K, used 17347K [0x11000000, 0x13d80000, 0x3bac0000)
  object space 46592K, 37% used [0x11000000,0x120f0ff0,0x13d80000)
 Metaspace       used 26749K, capacity 27248K, committed 27308K, reserved 28032K
}
Event: 11.092 GC heap before
{Heap before GC invocations=13 (full 2):
 PSYoungGen      total 150528K, used 139008K [0x3bac0000, 0x46780000, 0x51000000)
  eden space 139008K, 100% used [0x3bac0000,0x44280000,0x44280000)
  from space 11520K, 0% used [0x44d80000,0x44d80000,0x458c0000)
  to   space 11264K, 0% used [0x44280000,0x44280000,0x44d80000)
 ParOldGen       total 46592K, used 17347K [0x11000000, 0x13d80000, 0x3bac0000)
  object space 46592K, 37% used [0x11000000,0x120f0ff0,0x13d80000)
 Metaspace       used 33491K, capacity 34215K, committed 34304K, reserved 35200K
Event: 11.104 GC heap after
Heap after GC invocations=13 (full 2):
 PSYoungGen      total 150272K, used 11261K [0x3bac0000, 0x490c0000, 0x51000000)
  eden space 139008K, 0% used [0x3bac0000,0x3bac0000,0x44280000)
  from space 11264K, 99% used [0x44280000,0x44d7f688,0x44d80000)
  to   space 13568K, 0% used [0x48380000,0x48380000,0x490c0000)
 ParOldGen       total 46592K, used 19321K [0x11000000, 0x13d80000, 0x3bac0000)
  object space 46592K, 41% used [0x11000000,0x122de758,0x13d80000)
 Metaspace       used 33491K, capacity 34215K, committed 34304K, reserved 35200K
}
Event: 12.287 GC heap before
{Heap before GC invocations=14 (full 2):
 PSYoungGen      total 150272K, used 150269K [0x3bac0000, 0x490c0000, 0x51000000)
  eden space 139008K, 100% used [0x3bac0000,0x44280000,0x44280000)
  from space 11264K, 99% used [0x44280000,0x44d7f688,0x44d80000)
  to   space 13568K, 0% used [0x48380000,0x48380000,0x490c0000)
 ParOldGen       total 46592K, used 19321K [0x11000000, 0x13d80000, 0x3bac0000)
  object space 46592K, 41% used [0x11000000,0x122de758,0x13d80000)
 Metaspace       used 36414K, capacity 37325K, committed 37376K, reserved 38272K
Event: 12.318 GC heap after
Heap after GC invocations=14 (full 2):
 PSYoungGen      total 199936K, used 13560K [0x3bac0000, 0x49d40000, 0x51000000)
  eden space 186368K, 0% used [0x3bac0000,0x3bac0000,0x470c0000)
  from space 13568K, 99% used [0x48380000,0x490be010,0x490c0000)
  to   space 19200K, 0% used [0x470c0000,0x470c0000,0x48380000)
 ParOldGen       total 46592K, used 29432K [0x11000000, 0x13d80000, 0x3bac0000)
  object space 46592K, 63% used [0x11000000,0x12cbe0c0,0x13d80000)
 Metaspace       used 36414K, capacity 37325K, committed 37376K, reserved 38272K
}
Event: 34.674 GC heap before
{Heap before GC invocations=15 (full 2):
 PSYoungGen      total 199936K, used 199928K [0x3bac0000, 0x49d40000, 0x51000000)
  eden space 186368K, 100% used [0x3bac0000,0x470c0000,0x470c0000)
  from space 13568K, 99% used [0x48380000,0x490be010,0x490c0000)
  to   space 19200K, 0% used [0x470c0000,0x470c0000,0x48380000)
 ParOldGen       total 46592K, used 29432K [0x11000000, 0x13d80000, 0x3bac0000)
  object space 46592K, 63% used [0x11000000,0x12cbe0c0,0x13d80000)
 Metaspace       used 41460K, capacity 42628K, committed 42752K, reserved 43392K
Event: 34.737 GC heap after
Heap after GC invocations=15 (full 2):
 PSYoungGen      total 205568K, used 18057K [0x3bac0000, 0x4dc80000, 0x51000000)
  eden space 186368K, 0% used [0x3bac0000,0x3bac0000,0x470c0000)
  from space 19200K, 94% used [0x470c0000,0x48262710,0x48380000)
  to   space 21760K, 0% used [0x4c740000,0x4c740000,0x4dc80000)
 ParOldGen       total 46592K, used 43060K [0x11000000, 0x13d80000, 0x3bac0000)
  object space 46592K, 92% used [0x11000000,0x13a0d340,0x13d80000)
 Metaspace       used 41460K, capacity 42628K, committed 42752K, reserved 43392K
}
Event: 34.737 GC heap before
{Heap before GC invocations=16 (full 3):
 PSYoungGen      total 205568K, used 18057K [0x3bac0000, 0x4dc80000, 0x51000000)
  eden space 186368K, 0% used [0x3bac0000,0x3bac0000,0x470c0000)
  from space 19200K, 94% used [0x470c0000,0x48262710,0x48380000)
  to   space 21760K, 0% used [0x4c740000,0x4c740000,0x4dc80000)
 ParOldGen       total 46592K, used 43060K [0x11000000, 0x13d80000, 0x3bac0000)
  object space 46592K, 92% used [0x11000000,0x13a0d340,0x13d80000)
 Metaspace       used 41460K, capacity 42628K, committed 42752K, reserved 43392K
Event: 34.978 GC heap after
Heap after GC invocations=16 (full 3):
 PSYoungGen      total 205568K, used 4016K [0x3bac0000, 0x4dc80000, 0x51000000)
  eden space 186368K, 0% used [0x3bac0000,0x3bac0000,0x470c0000)
  from space 19200K, 20% used [0x470c0000,0x474ac1f0,0x48380000)
  to   space 21760K, 0% used [0x4c740000,0x4c740000,0x4dc80000)
 ParOldGen       total 88320K, used 46423K [0x11000000, 0x16640000, 0x3bac0000)
  object space 88320K, 52% used [0x11000000,0x13d55cf8,0x16640000)
 Metaspace       used 41460K, capacity 42628K, committed 42752K, reserved 43392K
}

